#
# There is insufficient memory for the Java Runtime Environment to continue.
# Native memory allocation (mmap) failed to map 67108864 bytes. Error detail: G1 virtual space
# Possible reasons:
#   The system is out of physical RAM or swap space
#   This process is running with CompressedOops enabled, and the Java Heap may be blocking the growth of the native heap
# Possible solutions:
#   Reduce memory load on the system
#   Increase physical memory or swap space
#   Check if swap backing store is full
#   Decrease Java heap size (-Xmx/-Xms)
#   Decrease number of Java threads
#   Decrease Java thread stack sizes (-Xss)
#   Set larger code cache with -XX:ReservedCodeCacheSize=
#   JVM is running with Unscaled Compressed Oops mode in which the Java heap is
#     placed in the first 4GB address space. The Java Heap base address is the
#     maximum limit for the native heap growth. Please use -XX:HeapBaseMinAddress
#     to set the Java Heap base and to place the Java Heap above 4GB virtual address.
# This output file may be truncated or incomplete.
#
#  Out of Memory Error (os_windows.cpp:3898), pid=13796, tid=372
#
# JRE version:  (21.0.6) (build )
# Java VM: OpenJDK 64-Bit Server VM (21.0.6+-13368085-b895.109, mixed mode, sharing, tiered, compressed oops, compressed class ptrs, g1 gc, windows-amd64)
# No core dump will be written. Minidumps are not enabled by default on client versions of Windows
#

---------------  S U M M A R Y ------------

Command Line: -Xmx64m -Xms64m -Dorg.gradle.appname=gradlew D:\wamp64\www\reactNative\appDotripNative\android\\gradle\wrapper\gradle-wrapper.jar clean

Host: Intel(R) Core(TM) i7-7600U CPU @ 2.80GHz, 4 cores, 31G,  Windows 10 , 64 bit Build 19041 (10.0.19041.5915)
Time: Fri Aug  1 00:04:27 2025 India Standard Time elapsed time: 0.026965 seconds (0d 0h 0m 0s)

---------------  T H R E A D  ---------------

Current thread (0x000002765b00bd20):  JavaThread "Unknown thread" [_thread_in_vm, id=372, stack(0x000000f512d00000,0x000000f512e00000) (1024K)]

Stack: [0x000000f512d00000,0x000000f512e00000]
Native frames: (J=compiled Java code, j=interpreted, Vv=VM code, C=native code)
V  [jvm.dll+0x6d0639]
V  [jvm.dll+0x85eb03]
V  [jvm.dll+0x86105e]
V  [jvm.dll+0x861743]
V  [jvm.dll+0x27e6e6]
V  [jvm.dll+0x6ccfd5]
V  [jvm.dll+0x6c0a8a]
V  [jvm.dll+0x35537b]
V  [jvm.dll+0x35cfd6]
V  [jvm.dll+0x3aef86]
V  [jvm.dll+0x3af258]
V  [jvm.dll+0x327a2c]
V  [jvm.dll+0x32871b]
V  [jvm.dll+0x826549]
V  [jvm.dll+0x3bc158]
V  [jvm.dll+0x80f7f8]
V  [jvm.dll+0x45035e]
V  [jvm.dll+0x451ac1]
C  [jli.dll+0x52ab]
C  [ucrtbase.dll+0x21bb2]
C  [KERNEL32.DLL+0x17374]
C  [ntdll.dll+0x4cc91]


---------------  P R O C E S S  ---------------

Threads class SMR info:
_java_thread_list=0x00007ff8b6691848, length=0, elements={
}

Java Threads: ( => current thread )
Total: 0

Other Threads:
  0x000002765d2975c0 WorkerThread "GC Thread#0"                     [id=15384, stack(0x000000f512e00000,0x000000f512f00000) (1024K)]
  0x000002765d298da0 ConcurrentGCThread "G1 Main Marker"            [id=19408, stack(0x000000f512f00000,0x000000f513000000) (1024K)]
  0x000002765d299a10 WorkerThread "G1 Conc#0"                       [id=24824, stack(0x000000f513000000,0x000000f513100000) (1024K)]

[error occurred during error reporting (printing all threads), id 0xc0000005, EXCEPTION_ACCESS_VIOLATION (0xc0000005) at pc=0x00007ff8b5e8aa87]
VM state: not at safepoint (not fully initialized)

VM Mutex/Monitor currently owned by a thread:  ([mutex/lock_event])
[0x00007ff8b66fe4a0] Heap_lock - owner thread: 0x000002765b00bd20

Heap address: 0x00000000fc000000, size: 64 MB, Compressed Oops mode: 32-bit

CDS archive(s) mapped at: [0x0000000000000000-0x0000000000000000-0x0000000000000000), size 0, SharedBaseAddress: 0x0000000800000000, ArchiveRelocationMode: 1.
Narrow klass base: 0x0000000000000000, Narrow klass shift: 0, Narrow klass range: 0x0

GC Precious Log:
 CardTable entry size: 512
 Card Set container configuration: InlinePtr #cards 5 size 8 Array Of Cards #cards 12 size 40 Howl #buckets 4 coarsen threshold 1843 Howl Bitmap #cards 512 size 80 coarsen threshold 460 Card regions per heap region 1 cards per card region 2048

Heap:
 garbage-first heap   total 0K, used 0K [0x00000000fc000000, 0x0000000100000000)
  region size 1024K, 0 young (0K), 0 survivors (0K)
 Metaspace       used 0K, committed 0K, reserved 0K
  class space    used 0K, committed 0K, reserved 0K

Heap Regions: E=young(eden), S=young(survivor), O=old, HS=humongous(starts), HC=humongous(continues), CS=collection set, F=free, TAMS=top-at-mark-start, PB=parsable bottom

Card table byte_map: [0x000002765b170000,0x000002765b190000] _byte_map_base: 0x000002765a990000

Marking Bits: (CMBitMap*) 0x000002765d297cc0
 Bits: [0x000002765d070000, 0x000002765d170000)

GC Heap History (0 events):
No events

Dll operation events (1 events):
Event: 0.007 Loaded shared library D:\androidStudio\jbr\bin\java.dll

Deoptimization events (0 events):
No events

Classes loaded (0 events):
No events

Classes unloaded (0 events):
No events

Classes redefined (0 events):
No events

Internal exceptions (0 events):
No events

ZGC Phase Switch (0 events):
No events

VM Operations (0 events):
No events

Memory protections (0 events):
No events

Nmethod flushes (0 events):
No events

Events (0 events):
No events


Dynamic libraries:
0x00007ff7705d0000 - 0x00007ff7705da000 	D:\androidStudio\jbr\bin\java.exe
0x00007ff9744b0000 - 0x00007ff9746a8000 	C:\Windows\SYSTEM32\ntdll.dll
0x00007ff9743a0000 - 0x00007ff974462000 	C:\Windows\System32\KERNEL32.DLL
0x00007ff971be0000 - 0x00007ff971ed7000 	C:\Windows\System32\KERNELBASE.dll
0x00007ff971f60000 - 0x00007ff972060000 	C:\Windows\System32\ucrtbase.dll
0x00007ff954440000 - 0x00007ff95445b000 	D:\androidStudio\jbr\bin\VCRUNTIME140.dll
0x00007ff953a90000 - 0x00007ff953aa8000 	D:\androidStudio\jbr\bin\jli.dll
0x00007ff972a50000 - 0x00007ff972bed000 	C:\Windows\System32\USER32.dll
0x00007ff95ae10000 - 0x00007ff95b0aa000 	C:\Windows\WinSxS\amd64_microsoft.windows.common-controls_6595b64144ccf1df_6.0.19041.5915_none_60b4b9d171f9c7c7\COMCTL32.dll
0x00007ff9720b0000 - 0x00007ff9720d2000 	C:\Windows\System32\win32u.dll
0x00007ff973a10000 - 0x00007ff973aae000 	C:\Windows\System32\msvcrt.dll
0x00007ff972a20000 - 0x00007ff972a4b000 	C:\Windows\System32\GDI32.dll
0x00007ff972380000 - 0x00007ff972499000 	C:\Windows\System32\gdi32full.dll
0x00007ff971b40000 - 0x00007ff971bdd000 	C:\Windows\System32\msvcp_win.dll
0x00007ff973be0000 - 0x00007ff973c0f000 	C:\Windows\System32\IMM32.DLL
0x00007ff95c710000 - 0x00007ff95c71c000 	D:\androidStudio\jbr\bin\vcruntime140_1.dll
0x00007ff92bf50000 - 0x00007ff92bfdd000 	D:\androidStudio\jbr\bin\msvcp140.dll
0x00007ff8b5b50000 - 0x00007ff8b67db000 	D:\androidStudio\jbr\bin\server\jvm.dll
0x00007ff972900000 - 0x00007ff9729b1000 	C:\Windows\System32\ADVAPI32.dll
0x00007ff972ca0000 - 0x00007ff972d3f000 	C:\Windows\System32\sechost.dll
0x00007ff973ab0000 - 0x00007ff973bd6000 	C:\Windows\System32\RPCRT4.dll
0x00007ff9724a0000 - 0x00007ff9724c7000 	C:\Windows\System32\bcrypt.dll
0x00007ff973da0000 - 0x00007ff973e0b000 	C:\Windows\System32\WS2_32.dll
0x00007ff9710d0000 - 0x00007ff97111b000 	C:\Windows\SYSTEM32\POWRPROF.dll
0x00007ff966cb0000 - 0x00007ff966cba000 	C:\Windows\SYSTEM32\VERSION.dll
0x00007ff95aa90000 - 0x00007ff95aab7000 	C:\Windows\SYSTEM32\WINMM.dll
0x00007ff970f40000 - 0x00007ff970f52000 	C:\Windows\SYSTEM32\UMPDC.dll
0x00007ff970360000 - 0x00007ff970372000 	C:\Windows\SYSTEM32\kernel.appcore.dll
0x00007ff954430000 - 0x00007ff95443a000 	D:\androidStudio\jbr\bin\jimage.dll
0x00007ff96f880000 - 0x00007ff96fa81000 	C:\Windows\SYSTEM32\DBGHELP.DLL
0x00007ff954480000 - 0x00007ff9544b4000 	C:\Windows\SYSTEM32\dbgcore.DLL
0x00007ff972190000 - 0x00007ff972212000 	C:\Windows\System32\bcryptPrimitives.dll
0x00007ff94f840000 - 0x00007ff94f860000 	D:\androidStudio\jbr\bin\java.dll

dbghelp: loaded successfully - version: 4.0.5 - missing functions: none
symbol engine: initialized successfully - sym options: 0x614 - pdb path: .;D:\androidStudio\jbr\bin;C:\Windows\SYSTEM32;C:\Windows\WinSxS\amd64_microsoft.windows.common-controls_6595b64144ccf1df_6.0.19041.5915_none_60b4b9d171f9c7c7;D:\androidStudio\jbr\bin\server

VM Arguments:
jvm_args: -Xmx64m -Xms64m -Dorg.gradle.appname=gradlew 
java_command: D:\wamp64\www\reactNative\appDotripNative\android\\gradle\wrapper\gradle-wrapper.jar clean
java_class_path (initial): D:\wamp64\www\reactNative\appDotripNative\android\\gradle\wrapper\gradle-wrapper.jar
Launcher Type: SUN_STANDARD

[Global flags]
     intx CICompilerCount                          = 3                                         {product} {ergonomic}
     uint ConcGCThreads                            = 1                                         {product} {ergonomic}
     uint G1ConcRefinementThreads                  = 4                                         {product} {ergonomic}
   size_t G1HeapRegionSize                         = 1048576                                   {product} {ergonomic}
    uintx GCDrainStackTargetSize                   = 64                                        {product} {ergonomic}
   size_t InitialHeapSize                          = 67108864                                  {product} {command line}
   size_t MarkStackSize                            = 4194304                                   {product} {ergonomic}
   size_t MaxHeapSize                              = 67108864                                  {product} {command line}
   size_t MinHeapDeltaBytes                        = 1048576                                   {product} {ergonomic}
   size_t MinHeapSize                              = 67108864                                  {product} {command line}
    uintx NonNMethodCodeHeapSize                   = 5832780                                {pd product} {ergonomic}
    uintx NonProfiledCodeHeapSize                  = 122912730                              {pd product} {ergonomic}
    uintx ProfiledCodeHeapSize                     = 122912730                              {pd product} {ergonomic}
    uintx ReservedCodeCacheSize                    = 251658240                              {pd product} {ergonomic}
     bool SegmentedCodeCache                       = true                                      {product} {ergonomic}
   size_t SoftMaxHeapSize                          = 67108864                               {manageable} {ergonomic}
     bool UseCompressedOops                        = true                           {product lp64_product} {ergonomic}
     bool UseG1GC                                  = true                                      {product} {ergonomic}
     bool UseLargePagesIndividualAllocation        = false                                  {pd product} {ergonomic}

Logging:
Log output configuration:
 #0: stdout all=warning uptime,level,tags foldmultilines=false
 #1: stderr all=off uptime,level,tags foldmultilines=false

Environment Variables:
JAVA_HOME=D:\androidStudio\jbr
PATH=D:\Python\Python3135\Scripts\;D:\Python\Python3135\;C:\Windows\system32;C:\Windows;C:\Windows\System32\Wbem;C:\Windows\System32\WindowsPowerShell\v1.0\;C:\Windows\System32\OpenSSH\;C:\Program Files\dotnet\;C:\Program Files (x86)\Intel\Intel(R) Management Engine Components\DAL;C:\Program Files\Intel\Intel(R) Management Engine Components\DAL;C:\Program Files (x86)\Windows Kits\10\Windows Performance Toolkit\;C:\Program Files\Git\cmd;C:\Program Files\PuTTY\;C:\Users\USER\AppData\Local\nvm;C:\nvm4w\nodejs;%ANDROID_HOME%\platform-tools;%ANDROID_HOME%\emulator;D:\ffmpeg\bin;C:\Windows\system32\config\systemprofile\AppData\Local\Muse Hub\lib;C:\Users\USER\AppData\Local\jdk-11.0.2\bin;C:\Users\USER\AppData\Local\Microsoft\WindowsApps;C:\Users\USER\.dotnet\tools;C:\Users\USER\AppData\Local\Programs\Microsoft VS Code\bin;C:\Users\USER\AppData\Roaming\npm;C:\Users\USER\AppData\Local\Muse Hub\lib;D:\mongodb-database-tools-windows-x86_64-100.12.0\bin;D:\androidSdk\platform-tools;D:\androidSdk\emulator;C:\Users\USER\AppData\Local\nvm;C:\nvm4w\nodejs;D:\ffmpeg\bin;D:\androidStudio\jbr\bin;
USERNAME=USER
LANG=en_US.UTF-8
OS=Windows_NT
PROCESSOR_IDENTIFIER=Intel64 Family 6 Model 142 Stepping 9, GenuineIntel
TMP=C:\Users\USER\AppData\Local\Temp
TEMP=C:\Users\USER\AppData\Local\Temp




Periodic native trim disabled

JNI global refs:
JNI global refs: 0, weak refs: 0

JNI global refs memory usage: 0, weak refs: 0

Process memory usage:
Resident Set Size: 10576K (0% of 33429860K total physical memory with 11244396K free physical memory)

OOME stack traces (most recent first):
Classloader memory used:

---------------  S Y S T E M  ---------------

OS:
 Windows 10 , 64 bit Build 19041 (10.0.19041.5915)
OS uptime: 3 days 11:33 hours

CPU: total 4 (initial active 4) (2 cores per cpu, 2 threads per core) family 6 model 142 stepping 9 microcode 0xf4, cx8, cmov, fxsr, ht, mmx, 3dnowpref, sse, sse2, sse3, ssse3, sse4.1, sse4.2, popcnt, lzcnt, tsc, tscinvbit, avx, avx2, aes, erms, clmul, bmi1, bmi2, rtm, adx, fma, vzeroupper, clflush, clflushopt, rdtscp, f16c
Processor Information for the first 4 processors :
  Max Mhz: 2904, Current Mhz: 2803, Mhz Limit: 2787

Memory: 4k page, system-wide physical 32646M (10980M free)
TotalPageFile size 33670M (AvailPageFile size 60M)
current process WorkingSet (physical memory assigned to process): 10M, peak: 10M
current process commit charge ("private bytes"): 51M, peak: 115M

vm_info: OpenJDK 64-Bit Server VM (21.0.6+-13368085-b895.109) for windows-amd64 JRE (21.0.6+-13368085-b895.109), built on 2025-04-16T17:01:31Z by "builder" with MS VC++ 16.10 / 16.11 (VS2019)

END.
